c:\users\frolov00\source\repos\eshop\eshop\debug\vc141.pdb
c:\users\frolov00\source\repos\eshop\eshop\debug\vc141.idb
c:\users\frolov00\source\repos\eshop\eshop\debug\adminmenu.obj
c:\users\frolov00\source\repos\eshop\eshop\debug\commonmenu.obj
c:\users\frolov00\source\repos\eshop\eshop\debug\consoleutils.obj
c:\users\frolov00\source\repos\eshop\eshop\debug\eshop.obj
c:\users\frolov00\source\repos\eshop\eshop\debug\ioutils.obj
c:\users\frolov00\source\repos\eshop\eshop\debug\main.obj
c:\users\frolov00\source\repos\eshop\eshop\debug\mainmenu.obj
c:\users\frolov00\source\repos\eshop\eshop\debug\product.obj
c:\users\frolov00\source\repos\eshop\eshop\debug\customermenu.obj
c:\users\frolov00\source\repos\eshop\debug\eshop.pdb
c:\users\frolov00\source\repos\eshop\eshop\debug\eshop.tlog\cl.command.1.tlog
c:\users\frolov00\source\repos\eshop\eshop\debug\eshop.tlog\cl.read.1.tlog
c:\users\frolov00\source\repos\eshop\eshop\debug\eshop.tlog\cl.write.1.tlog
c:\users\frolov00\source\repos\eshop\eshop\debug\eshop.tlog\link.6200-cvtres.read.1.tlog
c:\users\frolov00\source\repos\eshop\eshop\debug\eshop.tlog\link.6200-cvtres.write.1.tlog
c:\users\frolov00\source\repos\eshop\eshop\debug\eshop.tlog\link.6200-rc.read.1.tlog
c:\users\frolov00\source\repos\eshop\eshop\debug\eshop.tlog\link.6200-rc.write.1.tlog
c:\users\frolov00\source\repos\eshop\eshop\debug\eshop.tlog\link.6200.read.1.tlog
c:\users\frolov00\source\repos\eshop\eshop\debug\eshop.tlog\link.6200.write.1.tlog
c:\users\frolov00\source\repos\eshop\eshop\debug\eshop.tlog\link.command.1.tlog
c:\users\frolov00\source\repos\eshop\eshop\debug\eshop.tlog\link.read.1.tlog
c:\users\frolov00\source\repos\eshop\eshop\debug\eshop.tlog\link.write.1.tlog
